<?xml version="1.0" encoding="UTF-8"?>
<!-- Generated by org.testng.reporters.JUnitXMLReporter -->
<testsuite ignored="2" hostname="DESKTOP-FLH9LGC" failures="2" tests="4" name="login test" time="55.836" errors="0" timestamp="2021-04-09T10:54:29 IST">
  <testcase classname="com.halligan.test.Testcase" name="Test_01" time="1.205">
    <failure type="java.lang.AssertionError" message="both value not same expected [false] but found [true]">
      <![CDATA[java.lang.AssertionError: both value not same expected [false] but found [true]
at com.halligan.test.Testcase.Test_01(Testcase.java:59)
at java.base/java.util.ArrayList.forEach(ArrayList.java:1511)
... Removed 32 stack frames]]>
    </failure>
  </testcase> <!-- Test_01 -->
  <testcase classname="com.halligan.test.Testcase" name="Test_02" time="16.402">
    <failure type="java.lang.AssertionError" message="both value not same expected [true] but found [false]">
      <![CDATA[java.lang.AssertionError: both value not same expected [true] but found [false]
at com.halligan.test.Testcase.Test_02(Testcase.java:70)
at java.base/java.util.ArrayList.forEach(ArrayList.java:1511)
... Removed 30 stack frames]]>
    </failure>
  </testcase> <!-- Test_02 -->
  <testcase classname="com.halligan.test.Anothertest" name="Test_01" time="7.405"/>
  <testcase classname="com.halligan.test.Anothertest" name="Test_02" time="3.494"/>
  <testcase classname="com.halligan.base.Base" name="@AfterSuite Termination" time="0.0">
    <ignored/>
  </testcase> <!-- @AfterSuite Termination -->
  <testcase classname="com.halligan.base.Base" name="@BeforeSuite Initialize" time="0.0">
    <ignored/>
  </testcase> <!-- @BeforeSuite Initialize -->
</testsuite> <!-- login test -->
