<?xml version="1.0" encoding="UTF-8"?>
<!-- Generated by org.testng.reporters.JUnitXMLReporter -->
<testsuite ignored="0" hostname="DESKTOP-FLH9LGC" failures="0" tests="3" name="new" time="28.326" errors="0" timestamp="2021-04-09T12:52:55 IST">
  <testcase classname="com.halligan.test.Parallel" name="Three" time="7.728"/>
  <testcase classname="com.halligan.test.Parallel" name="Two" time="5.843"/>
  <testcase classname="com.halligan.test.Parallel" name="one" time="14.718"/>
</testsuite> <!-- new -->
