<?xml version="1.0" encoding="UTF-8"?>
<testng-results ignored="0" total="1" passed="1" failed="0" skipped="0">
  <reporter-output>
  </reporter-output>
  <suite started-at="2021-04-11T21:03:12 IST" name="Default suite" finished-at="2021-04-11T21:03:16 IST" duration-ms="4331">
    <groups>
      <group name="cucumber">
        <method signature="AbstractTestNGCucumberTests.runScenario(io.cucumber.testng.PickleWrapper, io.cucumber.testng.FeatureWrapper)[pri:0, instance:stepDefinitions.Testrunner@3c73951]" name="runScenario" class="io.cucumber.testng.AbstractTestNGCucumberTests"/>
      </group> <!-- cucumber -->
    </groups>
    <test started-at="2021-04-11T21:03:12 IST" name="Default test" finished-at="2021-04-11T21:03:16 IST" duration-ms="4331">
      <class name="stepDefinitions.Testrunner">
        <test-method is-config="true" signature="Startbrowser()[pri:0, instance:stepDefinitions.Testrunner@3c73951]" started-at="2021-04-11T21:03:09 IST" name="Startbrowser" finished-at="2021-04-11T21:03:12 IST" duration-ms="2588" status="PASS">
          <reporter-output>
          </reporter-output>
        </test-method> <!-- Startbrowser -->
        <test-method is-config="true" signature="setUpClass()[pri:0, instance:stepDefinitions.Testrunner@3c73951]" started-at="2021-04-11T21:03:12 IST" name="setUpClass" finished-at="2021-04-11T21:03:13 IST" duration-ms="760" status="PASS">
          <reporter-output>
          </reporter-output>
        </test-method> <!-- setUpClass -->
        <test-method signature="runScenario(io.cucumber.testng.PickleWrapper, io.cucumber.testng.FeatureWrapper)[pri:0, instance:stepDefinitions.Testrunner@3c73951]" started-at="2021-04-11T21:03:13 IST" name="runScenario" description="Runs Cucumber Scenarios" data-provider="scenarios" finished-at="2021-04-11T21:03:16 IST" duration-ms="3336" status="PASS">
          <params>
            <param index="0">
              <value>
                <![CDATA["Title of your scenario"]]>
              </value>
            </param>
            <param index="1">
              <value>
                <![CDATA["Optional[Title of your feature]"]]>
              </value>
            </param>
          </params>
          <reporter-output>
          </reporter-output>
        </test-method> <!-- runScenario -->
        <test-method is-config="true" signature="tearDownClass()[pri:0, instance:stepDefinitions.Testrunner@3c73951]" started-at="2021-04-11T21:03:16 IST" name="tearDownClass" finished-at="2021-04-11T21:03:16 IST" duration-ms="185" status="PASS">
          <reporter-output>
          </reporter-output>
        </test-method> <!-- tearDownClass -->
        <test-method is-config="true" signature="generateReport()[pri:0, instance:stepDefinitions.Testrunner@3c73951]" started-at="2021-04-11T21:03:16 IST" name="generateReport" finished-at="2021-04-11T21:03:19 IST" duration-ms="2679" status="PASS">
          <reporter-output>
          </reporter-output>
        </test-method> <!-- generateReport -->
      </class> <!-- stepDefinitions.Testrunner -->
    </test> <!-- Default test -->
  </suite> <!-- Default suite -->
</testng-results>
